\BOOKMARK [0][-]{chapter*.4}{Introduction}{}% 1
\BOOKMARK [-1][-]{part.1}{I L'entreprise}{}% 2
\BOOKMARK [0][-]{chapter.1}{Pr\351sentation de l'entreprise}{part.1}% 3
\BOOKMARK [1][-]{section.1.1}{Business \046 Decision}{chapter.1}% 4
\BOOKMARK [1][-]{section.1.2}{Interakting}{chapter.1}% 5
\BOOKMARK [-1][-]{part.2}{II Open Orchestra}{}% 6
\BOOKMARK [0][-]{chapter.2}{Le projet}{part.2}% 7
\BOOKMARK [1][-]{section.2.1}{Pr\351sentation}{chapter.2}% 8
\BOOKMARK [1][-]{section.2.2}{Architecture}{chapter.2}% 9
\BOOKMARK [0][-]{chapter.3}{Fonctionnalit\351s}{part.2}% 10
\BOOKMARK [1][-]{section.3.1}{Blocs}{chapter.3}% 11
\BOOKMARK [1][-]{section.3.2}{Nodes}{chapter.3}% 12
\BOOKMARK [1][-]{section.3.3}{Content type}{chapter.3}% 13
\BOOKMARK [0][-]{chapter.4}{Caract\351ristiques}{part.2}% 14
\BOOKMARK [1][-]{section.4.1}{Performance}{chapter.4}% 15
\BOOKMARK [1][-]{section.4.2}{Modularit\351s}{chapter.4}% 16
\BOOKMARK [-1][-]{part.3}{III Organisation du d\351veloppement}{}% 17
\BOOKMARK [0][-]{chapter.5}{Gestion de projet agile}{part.3}% 18
\BOOKMARK [1][-]{section.5.1}{M\351thodes agiles}{chapter.5}% 19
\BOOKMARK [1][-]{section.5.2}{Scrum avec Open Orchestra}{chapter.5}% 20
\BOOKMARK [0][-]{chapter.6}{Int\351gration continue}{part.3}% 21
\BOOKMARK [0][-]{chapter.7}{Qualit\351 du code}{part.3}% 22
